<?xml version="1.0" encoding="utf-8"?><testsuites name="pytest tests"><testsuite name="pytest" errors="0" failures="0" skipped="0" tests="116" time="5.524" timestamp="2026-09-22T23:57:53.587347+08:00" hostname="ADMIN"><testcase classname="tests.test_api" name="test_authentication_and_token_tampering" time="0.276" /><testcase classname="tests.test_api" name="test_password_and_knowledge_base_validation" time="0.092" /><testcase classname="tests.test_api" name="test_all_resource_entry_points_enforce_ownership" time="0.261" /><testcase classname="tests.test_api" name="test_duplicate_upload_is_per_knowledge_base" time="0.113" /><testcase classname="tests.test_api" name="test_document_delete_removes_search_and_download_access" time="0.132" /><testcase classname="tests.test_api" name="test_deleted_document_can_be_reuploaded_as_new_version" time="0.134" /><testcase classname="tests.test_api" name="test_unsupported_and_oversized_uploads_rejected" time="0.101" /><testcase classname="tests.test_api" name="test_corrupt_pdf_fails_as_a_sanitized_job" time="0.109" /><testcase classname="tests.test_api" name="test_chat_sse_and_saved_messages_agree" time="0.120" /><testcase classname="tests.test_api" name="test_empty_knowledge_base_produces_refusal_without_sources" time="0.101" /><testcase classname="tests.test_api" name="test_search_request_validation" time="0.097" /><testcase classname="tests.test_api" name="test_deleting_knowledge_base_hides_all_children" time="0.145" /><testcase classname="tests.test_api" name="test_partial_generation_failure_is_saved_as_failed" time="0.135" /><testcase classname="tests.test_api" name="test_disconnect_immediately_closes_provider_and_saves_cancelled" time="0.122" /><testcase classname="tests.test_api" name="test_internal_error_is_sanitized_and_has_request_id" time="0.014" /><testcase classname="tests.test_api" name="test_request_body_limit_handles_declared_and_streamed_bodies" time="0.012" /><testcase classname="tests.test_api" name="test_chat_rate_limit_rejects_before_second_call" time="0.108" /><testcase classname="tests.test_api" name="test_failed_job_can_be_retried_but_successful_job_cannot" time="0.124" /><testcase classname="tests.test_api" name="test_evaluation_ignores_user_database_and_paid_provider_environment" time="0.792" /><testcase classname="tests.test_ingestion" name="test_queued_to_processing_to_ready_is_visible" time="0.117" /><testcase classname="tests.test_ingestion" name="test_successful_job_redelivery_does_not_duplicate_chunks" time="0.114" /><testcase classname="tests.test_ingestion" name="test_active_lease_blocks_second_worker" time="0.105" /><testcase classname="tests.test_ingestion" name="test_worker_cannot_commit_after_losing_lease" time="0.110" /><testcase classname="tests.test_ingestion" name="test_document_deleted_during_embedding_cannot_reappear" time="0.122" /><testcase classname="tests.test_ingestion" name="test_transient_failure_retries_are_bounded_and_sanitized" time="0.147" /><testcase classname="tests.test_ingestion" name="test_expired_job_recovery_invalidates_old_lease" time="0.119" /><testcase classname="tests.test_ingestion" name="test_expired_job_at_attempt_limit_is_failed" time="0.108" /><testcase classname="tests.test_ingestion" name="test_concurrent_delivery_only_one_worker_embeds" time="0.114" /><testcase classname="tests.test_ingestion" name="test_replaced_document_version_rejects_old_worker" time="0.116" /><testcase classname="tests.test_ingestion" name="test_storage_path_cannot_escape_upload_root" time="0.116" /><testcase classname="tests.test_ingestion" name="test_deleted_knowledge_base_during_embedding_cannot_publish" time="0.122" /><testcase classname="tests.test_local_embedding" name="test_embedding_requires_auth" time="0.003" /><testcase classname="tests.test_local_embedding" name="test_embedding_rejects_invalid_contract[change0]" time="0.025" /><testcase classname="tests.test_local_embedding" name="test_embedding_rejects_invalid_contract[change1]" time="0.003" /><testcase classname="tests.test_local_embedding" name="test_embedding_rejects_invalid_contract[change2]" time="0.002" /><testcase classname="tests.test_local_embedding" name="test_embedding_rejects_invalid_contract[change3]" time="0.002" /><testcase classname="tests.test_local_embedding" name="test_embedding_rejects_invalid_contract[change4]" time="0.002" /><testcase classname="tests.test_local_embedding" name="test_embedding_rejects_invalid_contract[change5]" time="0.002" /><testcase classname="tests.test_local_embedding" name="test_embedding_loading_returns_503" time="0.003" /><testcase classname="tests.test_local_embedding" name="test_embedding_never_silently_truncates" time="0.002" /><testcase classname="tests.test_providers" name="test_offline_demo_is_explicit_extractive_and_makes_no_network_calls" time="0.002" /><testcase classname="tests.test_providers" name="test_empty_retrieval_refuses_without_calling_paid_provider" time="0.001" /><testcase classname="tests.test_providers" name="test_prompt_marks_documents_untrusted_and_keeps_source_ids" time="0.000" /><testcase classname="tests.test_providers" name="test_stream_handles_split_utf8_sse_comments_multiline_json_and_usage" time="0.002" /><testcase classname="tests.test_providers" name="test_missing_usage_remains_unknown_not_zero" time="0.022" /><testcase classname="tests.test_providers" name="test_http_errors_are_sanitized_and_never_retried[401-upstream_auth]" time="0.002" /><testcase classname="tests.test_providers" name="test_http_errors_are_sanitized_and_never_retried[403-upstream_auth]" time="0.002" /><testcase classname="tests.test_providers" name="test_http_errors_are_sanitized_and_never_retried[429-upstream_rate_limit]" time="0.002" /><testcase classname="tests.test_providers" name="test_http_errors_are_sanitized_and_never_retried[503-upstream_unavailable]" time="0.024" /><testcase classname="tests.test_providers" name="test_http_errors_are_sanitized_and_never_retried[400-upstream_rejected]" time="0.002" /><testcase classname="tests.test_providers" name="test_http_errors_are_sanitized_and_never_retried[302-upstream_rejected]" time="0.002" /><testcase classname="tests.test_providers" name="test_invalid_stream_payloads_are_safe_protocol_errors[data: invalid-json-with-sk-private-never-expose\n\n]" time="0.005" /><testcase classname="tests.test_providers" name="test_invalid_stream_payloads_are_safe_protocol_errors[data: {&quot;error&quot;: {&quot;message&quot;: &quot;sk-private-never-expose&quot;}}\n\n]" time="0.003" /><testcase classname="tests.test_providers" name="test_invalid_stream_payloads_are_safe_protocol_errors[data: {&quot;choices&quot;: {}}\n\n]" time="0.003" /><testcase classname="tests.test_providers" name="test_invalid_stream_payloads_are_safe_protocol_errors[data: {&quot;choices&quot;: [null]}\n\n]" time="0.003" /><testcase classname="tests.test_providers" name="test_invalid_stream_payloads_are_safe_protocol_errors[data: {&quot;choices&quot;: [{&quot;index&quot;: false, &quot;delta&quot;: {&quot;content&quot;: &quot;bad&quot;}}]}\n\n]" time="0.002" /><testcase classname="tests.test_providers" name="test_invalid_stream_payloads_are_safe_protocol_errors[data: {&quot;choices&quot;: [{&quot;index&quot;: 0, &quot;delta&quot;: {&quot;content&quot;: 0}, &quot;finish_reason&quot;: null}]}\n\n]" time="0.002" /><testcase classname="tests.test_providers" name="test_invalid_stream_payloads_are_safe_protocol_errors[data: {&quot;choices&quot;: [{&quot;index&quot;: 0, &quot;delta&quot;: {&quot;content&quot;: false}, &quot;finish_reason&quot;: null}]}\n\n]" time="0.003" /><testcase classname="tests.test_providers" name="test_invalid_stream_payloads_are_safe_protocol_errors[data: {&quot;choices&quot;: [{&quot;index&quot;: 0, &quot;delta&quot;: {&quot;content&quot;: {&quot;value&quot;: &quot;sk-private-never-expose&quot;}}, &quot;finish_reason&quot;: null}]}\n\n]" time="0.003" /><testcase classname="tests.test_providers" name="test_invalid_stream_payloads_are_safe_protocol_errors[data: {&quot;choices&quot;: [{&quot;index&quot;: 0, &quot;delta&quot;: {&quot;content&quot;: &quot;&quot;, &quot;refusal&quot;: 123}, &quot;finish_reason&quot;: null}]}\n\n]" time="0.003" /><testcase classname="tests.test_providers" name="test_invalid_stream_payloads_are_safe_protocol_errors[data: {&quot;choices&quot;: [{&quot;index&quot;: 0, &quot;delta&quot;: {&quot;content&quot;: &quot;ignored&quot;, &quot;tool_calls&quot;: [{&quot;name&quot;: &quot;unexpected&quot;}]}, &quot;finish_reason&quot;: null}]}\n\n]" time="0.013" /><testcase classname="tests.test_providers" name="test_invalid_stream_payloads_are_safe_protocol_errors[data: {&quot;choices&quot;: [{&quot;index&quot;: 0, &quot;delta&quot;: {&quot;content&quot;: &quot;ignored&quot;, &quot;function_call&quot;: {&quot;name&quot;: &quot;unexpected&quot;}}, &quot;finish_reason&quot;: null}]}\n\n]" time="0.003" /><testcase classname="tests.test_providers" name="test_invalid_stream_payloads_are_safe_protocol_errors[data: {&quot;usage&quot;: {&quot;prompt_tokens&quot;: -1}}\n\n]" time="0.003" /><testcase classname="tests.test_providers" name="test_invalid_stream_payloads_are_safe_protocol_errors[data: {&quot;usage&quot;: {&quot;completion_tokens&quot;: true}}\n\n]" time="0.003" /><testcase classname="tests.test_providers" name="test_invalid_stream_payloads_are_safe_protocol_errors[data: {&quot;usage&quot;: [1, 2]}\n\n]" time="0.003" /><testcase classname="tests.test_providers" name="test_unexpected_response_content_type_fails" time="0.002" /><testcase classname="tests.test_providers" name="test_incomplete_finish_reasons_are_not_reported_as_success[length-generation_truncated]" time="0.016" /><testcase classname="tests.test_providers" name="test_incomplete_finish_reasons_are_not_reported_as_success[content_filter-generation_filtered]" time="0.015" /><testcase classname="tests.test_providers" name="test_incomplete_finish_reasons_are_not_reported_as_success[tool_calls-upstream_protocol]" time="0.002" /><testcase classname="tests.test_providers" name="test_content_after_finish_is_rejected" time="0.002" /><testcase classname="tests.test_providers" name="test_truncated_transport_without_done_is_an_error" time="0.002" /><testcase classname="tests.test_providers" name="test_done_without_content_is_not_a_successful_answer" time="0.002" /><testcase classname="tests.test_providers" name="test_oversized_sse_events_are_rejected" time="0.003" /><testcase classname="tests.test_providers" name="test_network_failure_after_first_token_is_sanitized_and_not_replayed[failure0-upstream_timeout]" time="0.003" /><testcase classname="tests.test_providers" name="test_network_failure_after_first_token_is_sanitized_and_not_replayed[failure1-upstream_connection]" time="0.002" /><testcase classname="tests.test_providers" name="test_network_failure_after_first_token_is_sanitized_and_not_replayed[failure2-upstream_connection]" time="0.002" /><testcase classname="tests.test_providers" name="test_overall_deadline_closes_slow_upstream" time="0.040" /><testcase classname="tests.test_providers" name="test_explicit_generator_close_releases_response_and_client" time="0.003" /><testcase classname="tests.test_providers" name="test_task_cancellation_propagates_and_closes_upstream" time="0.002" /><testcase classname="tests.test_rag" name="test_utf8_bom_and_global_chunk_indices" time="0.004" /><testcase classname="tests.test_rag" name="test_chunk_overlap_preserves_text_and_chinese_sentence_boundaries" time="0.000" /><testcase classname="tests.test_rag" name="test_pdf_preserves_one_based_page_numbers" time="0.025" /><testcase classname="tests.test_rag" name="test_invalid_documents_fail_permanently[empty.txt- \r\n\t-\u6ca1\u6709\u53ef\u63d0\u53d6]" time="0.003" /><testcase classname="tests.test_rag" name="test_invalid_documents_fail_permanently[binary.txt-abc\x00def-\u4e8c\u8fdb\u5236]" time="0.004" /><testcase classname="tests.test_rag" name="test_invalid_documents_fail_permanently[encoding.md-\xff\xfe\x80-UTF-8]" time="0.003" /><testcase classname="tests.test_rag" name="test_invalid_documents_fail_permanently[bad.pdf-not a PDF-\u65e0\u6cd5\u89e3\u6790]" time="0.004" /><testcase classname="tests.test_rag" name="test_invalid_documents_fail_permanently[other.exe-plain text-\u4ec5\u652f\u6301]" time="0.002" /><testcase classname="tests.test_rag" name="test_document_byte_and_character_limits" time="0.003" /><testcase classname="tests.test_rag" name="test_blank_and_encrypted_pdfs_are_not_silently_accepted" time="0.057" /><testcase classname="tests.test_rag" name="test_hash_baseline_is_deterministic_normalized_and_language_aware" time="0.001" /><testcase classname="tests.test_rag" name="test_embedding_rejects_invalid_numbers_and_dimensions[vector0]" time="0.000" /><testcase classname="tests.test_rag" name="test_embedding_rejects_invalid_numbers_and_dimensions[vector1]" time="0.000" /><testcase classname="tests.test_rag" name="test_embedding_rejects_invalid_numbers_and_dimensions[vector2]" time="0.000" /><testcase classname="tests.test_rag" name="test_embedding_rejects_invalid_numbers_and_dimensions[vector3]" time="0.000" /><testcase classname="tests.test_rag" name="test_embedding_rejects_invalid_numbers_and_dimensions[vector4]" time="0.000" /><testcase classname="tests.test_rag" name="test_embedding_rejects_invalid_numbers_and_dimensions[vector5]" time="0.000" /><testcase classname="tests.test_rag" name="test_embedding_rejects_invalid_numbers_and_dimensions[vector6]" time="0.000" /><testcase classname="tests.test_rag" name="test_embedding_normalization_avoids_float_overflow" time="0.000" /><testcase classname="tests.test_rag" name="test_embedding_fingerprint_tracks_model_endpoint_and_dimensions_but_not_secret" time="0.001" /><testcase classname="tests.test_rag" name="test_embedding_batches_reorders_and_validates_provider_results" time="0.002" /><testcase classname="tests.test_rag" name="test_embedding_invalid_payload_is_permanent[None]" time="0.001" /><testcase classname="tests.test_rag" name="test_embedding_invalid_payload_is_permanent[data1]" time="0.001" /><testcase classname="tests.test_rag" name="test_embedding_invalid_payload_is_permanent[data2]" time="0.001" /><testcase classname="tests.test_rag" name="test_embedding_invalid_payload_is_permanent[data3]" time="0.001" /><testcase classname="tests.test_rag" name="test_embedding_invalid_payload_is_permanent[data4]" time="0.002" /><testcase classname="tests.test_rag" name="test_embedding_invalid_payload_is_permanent[data5]" time="0.002" /><testcase classname="tests.test_rag" name="test_embedding_duplicate_indices_are_rejected" time="0.001" /><testcase classname="tests.test_rag" name="test_embedding_errors_do_not_expose_provider_body[401-PermanentDocumentError]" time="0.001" /><testcase classname="tests.test_rag" name="test_embedding_errors_do_not_expose_provider_body[400-PermanentDocumentError]" time="0.001" /><testcase classname="tests.test_rag" name="test_embedding_errors_do_not_expose_provider_body[429-TransientProviderError]" time="0.001" /><testcase classname="tests.test_rag" name="test_embedding_errors_do_not_expose_provider_body[503-TransientProviderError]" time="0.002" /><testcase classname="tests.test_rag" name="test_embedding_timeout_is_transient_and_sanitized" time="0.001" /><testcase classname="tests.test_rag" name="test_retrieval_excludes_other_kbs_deleted_processing_old_versions_and_wrong_models" time="0.011" /><testcase classname="tests.test_rag" name="test_retrieval_top_k_and_minimum_score" time="0.011" /><testcase classname="tests.test_rag" name="test_postgres_query_compiles_to_pgvector_distance_with_all_scope_filters" time="0.002" /><testcase classname="tests.test_sqlite_concurrency" name="test_tombstone_cleanup_cannot_erase_a_restored_document" time="0.348" /></testsuite></testsuites>